16:21:41,841 ERROR CSVParser:41 - File not found./citrus-standalone/Temp_Data.csv
16:23:11,003 ERROR CSVParser:41 - File not found./citrus-standalone/Temp_Data.csv
16:23:43,833 ERROR CSVParser:41 - File not found./citrus-standalone/Temp_Data.csv
16:23:43,834 ERROR CSVParser:29 - Exception ocured while reading file : /citrus-standalone/Temp_Data.csv (No such file or directory)
java.io.FileNotFoundException: /citrus-standalone/Temp_Data.csv (No such file or directory)
	at java.io.FileInputStream.open(Native Method)
	at java.io.FileInputStream.<init>(FileInputStream.java:146)
	at java.io.FileInputStream.<init>(FileInputStream.java:101)
	at java.io.FileReader.<init>(FileReader.java:58)
	at com.citrus.test.solution1.service.Impl.CSVParser.parse(CSVParser.java:25)
	at com.citrus.test.solution1.service.Impl.CSVParser.main(CSVParser.java:35)
16:24:52,540 ERROR CSVParser:29 - Exception ocured while reading file : /home/pubmatic/SelfService/citrus-standalone/target/classes/com/citrus/test/solution1/service/Impl (Is a directory)
java.io.FileNotFoundException: /home/pubmatic/SelfService/citrus-standalone/target/classes/com/citrus/test/solution1/service/Impl (Is a directory)
	at java.io.FileInputStream.open(Native Method)
	at java.io.FileInputStream.<init>(FileInputStream.java:146)
	at java.io.FileInputStream.<init>(FileInputStream.java:101)
	at java.io.FileReader.<init>(FileReader.java:58)
	at com.citrus.test.solution1.service.Impl.CSVParser.parse(CSVParser.java:25)
	at com.citrus.test.solution1.service.Impl.CSVParser.main(CSVParser.java:35)
16:25:01,701 ERROR CSVParser:29 - Exception ocured while reading file : /home/pubmatic/SelfService/citrus-standalone/target/classes/com/citrus/test/solution1/service (Is a directory)
java.io.FileNotFoundException: /home/pubmatic/SelfService/citrus-standalone/target/classes/com/citrus/test/solution1/service (Is a directory)
	at java.io.FileInputStream.open(Native Method)
	at java.io.FileInputStream.<init>(FileInputStream.java:146)
	at java.io.FileInputStream.<init>(FileInputStream.java:101)
	at java.io.FileReader.<init>(FileReader.java:58)
	at com.citrus.test.solution1.service.Impl.CSVParser.parse(CSVParser.java:25)
	at com.citrus.test.solution1.service.Impl.CSVParser.main(CSVParser.java:35)
16:25:12,451 ERROR CSVParser:29 - Exception ocured while reading file : /home/pubmatic/SelfService/citrus-standalone/target/classes/com/citrus/test/solution1/service (Is a directory)
java.io.FileNotFoundException: /home/pubmatic/SelfService/citrus-standalone/target/classes/com/citrus/test/solution1/service (Is a directory)
	at java.io.FileInputStream.open(Native Method)
	at java.io.FileInputStream.<init>(FileInputStream.java:146)
	at java.io.FileInputStream.<init>(FileInputStream.java:101)
	at java.io.FileReader.<init>(FileReader.java:58)
	at com.citrus.test.solution1.service.Impl.CSVParser.parse(CSVParser.java:25)
	at com.citrus.test.solution1.service.Impl.CSVParser.main(CSVParser.java:35)
16:25:17,448 ERROR CSVParser:29 - Exception ocured while reading file : /home/pubmatic/SelfService/citrus-standalone/target/classes (Is a directory)
java.io.FileNotFoundException: /home/pubmatic/SelfService/citrus-standalone/target/classes (Is a directory)
	at java.io.FileInputStream.open(Native Method)
	at java.io.FileInputStream.<init>(FileInputStream.java:146)
	at java.io.FileInputStream.<init>(FileInputStream.java:101)
	at java.io.FileReader.<init>(FileReader.java:58)
	at com.citrus.test.solution1.service.Impl.CSVParser.parse(CSVParser.java:25)
	at com.citrus.test.solution1.service.Impl.CSVParser.main(CSVParser.java:35)
16:26:32,177 ERROR CSVParser:41 - File not found./citrus-standalone/Temp_Data.csv
16:26:36,625 ERROR CSVParser:41 - File not found.citrus-standalone/Temp_Data.csv
16:26:41,518 ERROR CSVParser:41 - File not found.../citrus-standalone/Temp_Data.csv
16:26:47,943 ERROR CSVParser:41 - File not found./Temp_Data.csv
16:27:48,686 ERROR CSVParser:41 - File not found.Temp_Data.csv
16:27:54,502 ERROR CSVParser:41 - File not found./Temp_Data.csv
16:27:58,453 ERROR CSVParser:41 - File not found.../Temp_Data.csv
16:28:18,524 ERROR CSVParser:41 - File not found.../../../../../../Temp_Data.csv
16:28:22,588 ERROR CSVParser:41 - File not found.../../../../../../../Temp_Data.csv
16:28:42,863 ERROR CSVParser:41 - File not found.../../../../../Temp_Data.csv
16:29:13,922 ERROR CSVParser:41 - File not found.../../../../../../../Temp_Data.csv
16:29:50,854 ERROR CSVParser:42 - File not found.../../../../../../../Temp_Data.csv
16:30:02,298 ERROR CSVParser:42 - File not found.Temp_Data.csv
16:30:20,556 ERROR CSVParser:42 - File not found.Temp_Data.csv
18:52:40,978 ERROR XMLParser:68 - /home/pubmatic/SelfService/citrus-standalone/temp.sql (No such file or directory)
java.io.FileNotFoundException: /home/pubmatic/SelfService/citrus-standalone/temp.sql (No such file or directory)
	at java.io.FileInputStream.open(Native Method)
	at java.io.FileInputStream.<init>(FileInputStream.java:146)
	at java.io.FileInputStream.<init>(FileInputStream.java:101)
	at sun.net.www.protocol.file.FileURLConnection.connect(FileURLConnection.java:90)
	at sun.net.www.protocol.file.FileURLConnection.getInputStream(FileURLConnection.java:188)
	at com.sun.org.apache.xerces.internal.impl.XMLEntityManager.setupCurrentEntity(XMLEntityManager.java:619)
	at com.sun.org.apache.xerces.internal.impl.XMLVersionDetector.determineDocVersion(XMLVersionDetector.java:189)
	at com.sun.org.apache.xerces.internal.parsers.XML11Configuration.parse(XML11Configuration.java:812)
	at com.sun.org.apache.xerces.internal.parsers.XML11Configuration.parse(XML11Configuration.java:777)
	at com.sun.org.apache.xerces.internal.parsers.XMLParser.parse(XMLParser.java:141)
	at com.sun.org.apache.xerces.internal.parsers.DOMParser.parse(DOMParser.java:243)
	at com.sun.org.apache.xerces.internal.jaxp.DocumentBuilderImpl.parse(DocumentBuilderImpl.java:347)
	at javax.xml.parsers.DocumentBuilder.parse(DocumentBuilder.java:205)
	at com.citrus.test.solution1.service.Impl.XMLParser.parse(XMLParser.java:39)
	at com.citrus.test.solution1.service.Impl.MainClass.main(MainClass.java:22)
